<?xml version="1.0" encoding="UTF-8"?>
<!-- Generated by org.testng.reporters.JUnitReportReporter -->
<testsuite hostname="Akila" failures="0" tests="1" name="com.crm.testcases.AcceptedBPOTest" time="0.000" errors="0" timestamp="2022-08-05T13:35:49 IST" skipped="1">
  <testcase classname="com.crm.testcases.AcceptedBPOTest" name="acceptedBPOTest" time="0.000">
    <skipped/>
  </testcase> <!-- acceptedBPOTest -->
  <system-out/>
</testsuite> <!-- com.crm.testcases.AcceptedBPOTest -->
