<?xml version="1.0" encoding="UTF-8"?>
<!-- Generated by org.testng.reporters.JUnitReportReporter -->
<testsuite hostname="DESKTOP-NN1942K" failures="0" tests="1" name="com.crm.testcases.QualityChecklistTest" time="275.315" errors="0" timestamp="2022-05-24T10:28:54 IST" skipped="0">
  <testcase classname="com.crm.testcases.QualityChecklistTest" name="qualityChecklistTest" time="275.315"/>
  <system-out/>
</testsuite> <!-- com.crm.testcases.QualityChecklistTest -->
