<?xml version="1.0" encoding="UTF-8"?>
<!-- Generated by org.testng.reporters.JUnitReportReporter -->
<testsuite hostname="DESKTOP-NN1942K" failures="0" tests="1" name="com.crm.testcases.RAApproveTest" time="0.004" errors="0" timestamp="2022-06-09T10:40:25 IST" skipped="1">
  <testcase classname="com.crm.testcases.RAApproveTest" name="rAApproveTest" time="0.004">
    <skipped/>
  </testcase> <!-- rAApproveTest -->
  <system-out/>
</testsuite> <!-- com.crm.testcases.RAApproveTest -->
