<?xml version="1.0" encoding="UTF-8"?>
<!-- Generated by org.testng.reporters.JUnitReportReporter -->
<testsuite hostname="Akila" failures="0" tests="1" name="com.crm.testcases.DVUPassedTest" time="0.000" errors="0" timestamp="2022-08-05T13:35:50 IST" skipped="1">
  <testcase classname="com.crm.testcases.DVUPassedTest" name="dVUPassedTest" time="0.000">
    <skipped/>
  </testcase> <!-- dVUPassedTest -->
  <system-out/>
</testsuite> <!-- com.crm.testcases.DVUPassedTest -->
