<?xml version="1.0" encoding="UTF-8"?>
<!-- Generated by org.testng.reporters.JUnitReportReporter -->
<testsuite hostname="Akila" failures="0" tests="1" name="com.crm.testcases.AccountOpenedTest" time="0.001" errors="0" timestamp="2022-08-05T13:35:49 IST" skipped="1">
  <testcase classname="com.crm.testcases.AccountOpenedTest" name="accountOpenedTest" time="0.001">
    <skipped/>
  </testcase> <!-- accountOpenedTest -->
  <system-out/>
</testsuite> <!-- com.crm.testcases.AccountOpenedTest -->
