<?xml version="1.0" encoding="UTF-8"?>
<!-- Generated by org.testng.reporters.JUnitReportReporter -->
<testsuite hostname="DESKTOP-NN1942K" failures="0" tests="1" name="com.crm.testcases.RARejectTest" time="0.003" errors="0" timestamp="2022-06-09T10:40:25 IST" skipped="1">
  <testcase classname="com.crm.testcases.RARejectTest" name="raRejectTest" time="0.003">
    <skipped/>
  </testcase> <!-- raRejectTest -->
  <system-out/>
</testsuite> <!-- com.crm.testcases.RARejectTest -->
