<?xml version="1.0" encoding="UTF-8"?>
<!-- Generated by org.testng.reporters.JUnitReportReporter -->
<testsuite hostname="DESKTOP-NN1942K" failures="0" tests="1" name="com.crm.testcases.GenerateICRTest" time="0.003" errors="0" timestamp="2022-06-09T10:40:24 IST" skipped="1">
  <testcase classname="com.crm.testcases.GenerateICRTest" name="generateICRTest" time="0.003">
    <skipped/>
  </testcase> <!-- generateICRTest -->
  <system-out/>
</testsuite> <!-- com.crm.testcases.GenerateICRTest -->
