<?xml version="1.0" encoding="UTF-8"?>
<!-- Generated by org.testng.reporters.JUnitReportReporter -->
<testsuite hostname="DESKTOP-NN1942K" failures="0" tests="1" name="com.crm.testcases.LargeServiceRatingTest" time="0.002" errors="0" timestamp="2022-06-09T10:40:25 IST" skipped="1">
  <testcase classname="com.crm.testcases.LargeServiceRatingTest" name="largeServiceRatingTest" time="0.002">
    <skipped/>
  </testcase> <!-- largeServiceRatingTest -->
  <system-out/>
</testsuite> <!-- com.crm.testcases.LargeServiceRatingTest -->
