<?xml version="1.0" encoding="UTF-8"?>
<!-- Generated by org.testng.reporters.JUnitReportReporter -->
<testsuite hostname="PravinL" failures="0" tests="1" name="com.crm.testcases.RMReassignmentChildBorrowerTest" time="125.446" errors="0" timestamp="2022-05-30T11:55:46 IST" skipped="0">
  <testcase classname="com.crm.testcases.RMReassignmentChildBorrowerTest" name="rMReassignmentChildBorrowerTest" time="125.446"/>
  <system-out/>
</testsuite> <!-- com.crm.testcases.RMReassignmentChildBorrowerTest -->
