<?xml version="1.0" encoding="UTF-8"?>
<!-- Generated by org.testng.reporters.JUnitReportReporter -->
<testsuite hostname="DESKTOP-NN1942K" failures="0" tests="1" name="com.crm.testcases.SendForAppovalTest" time="0.000" errors="0" timestamp="2022-05-19T11:26:12 IST" skipped="1">
  <testcase classname="com.crm.testcases.SendForAppovalTest" name="sendForApprovalTest" time="0.000">
    <skipped/>
  </testcase> <!-- sendForApprovalTest -->
  <system-out/>
</testsuite> <!-- com.crm.testcases.SendForAppovalTest -->
