<?xml version="1.0" encoding="UTF-8"?>
<!-- Generated by org.testng.reporters.JUnitReportReporter -->
<testsuite hostname="Akila" failures="0" tests="1" name="com.crm.testcases.DispatchedToCPUTest" time="0.000" errors="0" timestamp="2022-08-05T13:35:49 IST" skipped="1">
  <testcase classname="com.crm.testcases.DispatchedToCPUTest" name="dispatchedToCPUTest" time="0.000">
    <skipped/>
  </testcase> <!-- dispatchedToCPUTest -->
  <system-out/>
</testsuite> <!-- com.crm.testcases.DispatchedToCPUTest -->
