<?xml version="1.0" encoding="UTF-8"?>
<!-- Generated by org.testng.reporters.JUnitReportReporter -->
<testsuite hostname="DESKTOP-NN1942K" failures="0" tests="1" name="com.crm.testcases.OverrideAprrovedTest" time="0.002" errors="0" timestamp="2022-06-09T10:40:24 IST" skipped="1">
  <testcase classname="com.crm.testcases.OverrideAprrovedTest" name="overrideAprrovedTest" time="0.002">
    <skipped/>
  </testcase> <!-- overrideAprrovedTest -->
  <system-out/>
</testsuite> <!-- com.crm.testcases.OverrideAprrovedTest -->
