<?xml version="1.0" encoding="UTF-8"?>
<!-- Generated by org.testng.reporters.JUnitReportReporter -->
<testsuite hostname="Akila" failures="0" tests="1" name="com.crm.testcases.ReceivedAtCPUTest" time="0.001" errors="0" timestamp="2022-08-05T13:35:50 IST" skipped="1">
  <testcase classname="com.crm.testcases.ReceivedAtCPUTest" name="receivedAtCPUTest" time="0.001">
    <skipped/>
  </testcase> <!-- receivedAtCPUTest -->
  <system-out/>
</testsuite> <!-- com.crm.testcases.ReceivedAtCPUTest -->
